[debug] [2020-02-14T19:04:06.537Z] ----------------------------------------------------------------------
[debug] [2020-02-14T19:04:06.540Z] Command:       C:\Program Files\nodejs\node.exe C:\Users\salinas38m\AppData\Roaming\npm\node_modules\firebase-tools\lib\bin\firebase.js init
[debug] [2020-02-14T19:04:06.540Z] CLI Version:   7.13.0
[debug] [2020-02-14T19:04:06.540Z] Platform:      win32
[debug] [2020-02-14T19:04:06.540Z] Node Version:  v12.16.0
[debug] [2020-02-14T19:04:06.541Z] Time:          Fri Feb 14 2020 16:04:06 GMT-0300 (GMT-03:00)
[debug] [2020-02-14T19:04:06.541Z] ----------------------------------------------------------------------
[debug] [2020-02-14T19:04:06.541Z] 
[debug] [2020-02-14T19:04:06.549Z] > command requires scopes: ["email","openid","https://www.googleapis.com/auth/cloudplatformprojects.readonly","https://www.googleapis.com/auth/firebase","https://www.googleapis.com/auth/cloud-platform"]
[debug] [2020-02-14T19:04:06.550Z] > authorizing via signed-in user
[info] 
     ######## #### ########  ######## ########     ###     ######  ########
     ##        ##  ##     ## ##       ##     ##  ##   ##  ##       ##
     ######    ##  ########  ######   ########  #########  ######  ######
     ##        ##  ##    ##  ##       ##     ## ##     ##       ## ##
     ##       #### ##     ## ######## ########  ##     ##  ######  ########

You're about to initialize a Firebase project in this directory:

  C:\s38m\workspace\angular\codecave

Before we get started, keep in mind:

  * You are currently outside your home directory

